Arguments: 
  C:\Program Files\nodejs\node.exe C:\Program Files (x86)\Yarn\bin\yarn.js add @next/swc-win32-x64-gnu

PATH: 
  C:\Program Files\Common Files\Oracle\Java\javapath;C:\Program Files (x86)\Common Files\Oracle\Java\javapath;C:\Python311\Scripts\;C:\Python311\;C:\Windows\system32;C:\Windows;C:\Windows\System32\Wbem;C:\Windows\System32\WindowsPowerShell\v1.0\;C:\Windows\System32\OpenSSH\;C:\Program Files\Git\cmd;C:\ProgramData\chocolatey\bin;C:\Program Files\nodejs\;C:\Users\Administrator\AppData\Roaming\nvm;C:\Program Files\nodejs;C:\Program Files (x86)\NVIDIA Corporation\PhysX\Common;C:\Program Files\NVIDIA Corporation\NVIDIA NvDLISR;C:\Program Files\dotnet\;D:\dev\ngrok;C:\Program Files (x86)\Yarn\bin\;C:\Program Files (x86)\Yarn;C:\Windows\system32\config\systemprofile\AppData\Roaming\npm;C:\Users\Administrator\AppData\Local\Android\Sdk\emulator;C:\Program Files\Docker\Docker\resources\cli-plugins;C:\Program Files\Docker\Docker\resources\bin;C:\Program Files\MongoDB\Server\5.0\bin;C:\xampp\apache\bin;C:\ProgramData\chocolatey\lib\maven\apache-maven-3.9.2\bin;C:\Users\Administrator\AppData\Local\Microsoft\WindowsApps;C:\Program Files\Bandizip\;C:\Users\Administrator\AppData\Roaming\npm;C:\Users\Administrator\AppData\Roaming\nvm;C:\Program Files\nodejs;C:\Users\Administrator\AppData\Local\Yarn\bin;C:\Users\Administrator\AppData\Local\Android\Sdk\platform-tools;;C:\Users\Administrator\AppData\Local\Programs\Microsoft VS Code\bin;E:\ongoing\chris\peach-express-ui\node_modules\.bin

Yarn version: 
  1.22.4

Node version: 
  16.13.1

Platform: 
  win32 x64

Trace: 
  Error: https://registry.yarnpkg.com/@next%2fswc-win32-x64-gnu: Not found
      at Request.params.callback [as _callback] (C:\Program Files (x86)\Yarn\lib\cli.js:66096:18)
      at Request.self.callback (C:\Program Files (x86)\Yarn\lib\cli.js:140748:22)
      at Request.emit (node:events:390:28)
      at Request.<anonymous> (C:\Program Files (x86)\Yarn\lib\cli.js:141720:10)
      at Request.emit (node:events:390:28)
      at IncomingMessage.<anonymous> (C:\Program Files (x86)\Yarn\lib\cli.js:141642:12)
      at Object.onceWrapper (node:events:509:28)
      at IncomingMessage.emit (node:events:402:35)
      at endReadableNT (node:internal/streams/readable:1343:12)
      at processTicksAndRejections (node:internal/process/task_queues:83:21)

npm manifest: 
  {
    "name": "peach-go",
    "version": "0.1.0",
    "private": true,
    "scripts": {
      "dev": "node node_modules/next/dist/bin/next dev --port 3001",
      "build": "next build",
      "build:analyze": "ANALYZE=true npm run build",
      "start": "next start",
      "start:docker": "next start -p 80",
      "lint": "next lint",
      "test": "jest --watch",
      "test:ci": "jest --ci --coverage"
    },
    "dependencies": {
      "@emotion/react": "11.10.6",
      "@emotion/server": "11.10.0",
      "@emotion/styled": "11.10.6",
      "@mui/icons-material": "5.11.16",
      "@mui/lab": "5.0.0-alpha.127",
      "@mui/material": "5.12.1",
      "@next/bundle-analyzer": "13.3.1",
      "@reduxjs/toolkit": "1.9.5",
      "axios": "^1.4.0",
      "dayjs": "^1.11.8",
      "i18next": "^22.5.0",
      "next": "13.4.3",
      "next-i18next": "13.2.2",
      "react": "18.2.0",
      "react-dom": "18.2.0",
      "react-dropzone": "14.2.3",
      "react-i18next": "^12.3.1",
      "react-redux": "8.0.5"
    },
    "devDependencies": {
      "@testing-library/jest-dom": "5.16.5",
      "@testing-library/react": "14.0.0",
      "@testing-library/user-event": "14.4.3",
      "@types/node": "18.15.12",
      "@types/react": "18.0.37",
      "@types/react-dom": "18.0.11",
      "aws-cdk-lib": "2.79.1",
      "axios-mock-adapter": "^1.21.4",
      "constructs": "10.1.156",
      "eslint": "8.38.0",
      "eslint-config-next": "13.3.0",
      "eslint-config-prettier": "8.8.0",
      "jest": "29.5.0",
      "jest-environment-jsdom": "29.5.0",
      "next-router-mock": "^0.9.3",
      "sst": "^2.10.4",
      "typescript": "5.0.4"
    }
  }

yarn manifest: 
  No manifest

Lockfile: 
  No lockfile
